2023-10-04T20:18:00.703+03:00  INFO 88893 --- [main] ua.hillel.springsecurityapp.Main         : Starting Main using Java 17.0.6 with PID 88893 (/Users/nazar/IdeaProjects/hillel-springsecurity-hw/target/classes started by nazar in /Users/nazar/IdeaProjects/hillel-springsecurity-hw)
2023-10-04T20:18:00.714+03:00  INFO 88893 --- [main] ua.hillel.springsecurityapp.Main         : No active profile set, falling back to 1 default profile: "default"
2023-10-04T20:18:01.456+03:00  INFO 88893 --- [main] .s.d.r.c.RepositoryConfigurationDelegate : Bootstrapping Spring Data JPA repositories in DEFAULT mode.
2023-10-04T20:18:01.519+03:00  INFO 88893 --- [main] .s.d.r.c.RepositoryConfigurationDelegate : Finished Spring Data repository scanning in 49 ms. Found 2 JPA repository interfaces.
2023-10-04T20:18:03.116+03:00  INFO 88893 --- [main] o.s.b.w.embedded.tomcat.TomcatWebServer  : Tomcat initialized with port(s): 8050 (http)
2023-10-04T20:18:03.128+03:00  INFO 88893 --- [main] o.apache.catalina.core.StandardService   : Starting service [Tomcat]
2023-10-04T20:18:03.128+03:00  INFO 88893 --- [main] o.apache.catalina.core.StandardEngine    : Starting Servlet engine: [Apache Tomcat/10.1.7]
2023-10-04T20:18:03.230+03:00  INFO 88893 --- [main] o.a.c.c.C.[Tomcat].[localhost].[/]       : Initializing Spring embedded WebApplicationContext
2023-10-04T20:18:03.231+03:00  INFO 88893 --- [main] w.s.c.ServletWebServerApplicationContext : Root WebApplicationContext: initialization completed in 2348 ms
2023-10-04T20:18:03.499+03:00  INFO 88893 --- [main] com.zaxxer.hikari.HikariDataSource       : HikariPool-1 - Starting...
2023-10-04T20:18:03.861+03:00  INFO 88893 --- [main] com.zaxxer.hikari.pool.HikariPool        : HikariPool-1 - Added connection com.mysql.cj.jdbc.ConnectionImpl@7e49ded
2023-10-04T20:18:03.863+03:00  INFO 88893 --- [main] com.zaxxer.hikari.HikariDataSource       : HikariPool-1 - Start completed.
2023-10-04T20:18:03.919+03:00  INFO 88893 --- [main] o.hibernate.jpa.internal.util.LogHelper  : HHH000204: Processing PersistenceUnitInfo [name: default]
2023-10-04T20:18:03.976+03:00  INFO 88893 --- [main] org.hibernate.Version                    : HHH000412: Hibernate ORM core version 6.1.7.Final
2023-10-04T20:18:04.437+03:00  INFO 88893 --- [main] SQL dialect                              : HHH000400: Using dialect: org.hibernate.dialect.MySQLDialect
2023-10-04T20:18:05.151+03:00  INFO 88893 --- [main] o.h.e.t.j.p.i.JtaPlatformInitiator       : HHH000490: Using JtaPlatform implementation: [org.hibernate.engine.transaction.jta.platform.internal.NoJtaPlatform]
2023-10-04T20:18:05.161+03:00  INFO 88893 --- [main] j.LocalContainerEntityManagerFactoryBean : Initialized JPA EntityManagerFactory for persistence unit 'default'
2023-10-04T20:18:05.901+03:00  WARN 88893 --- [main] JpaBaseConfiguration$JpaWebConfiguration : spring.jpa.open-in-view is enabled by default. Therefore, database queries may be performed during view rendering. Explicitly configure spring.jpa.open-in-view to disable this warning
2023-10-04T20:18:06.550+03:00  INFO 88893 --- [main] o.s.s.web.DefaultSecurityFilterChain     : Will secure any request with [org.springframework.security.web.session.DisableEncodeUrlFilter@6a4d57b7, org.springframework.security.web.context.request.async.WebAsyncManagerIntegrationFilter@a36ff0b, org.springframework.security.web.context.SecurityContextHolderFilter@44723d95, org.springframework.security.web.header.HeaderWriterFilter@6530a1de, org.springframework.security.web.authentication.logout.LogoutFilter@188058fb, org.springframework.security.web.authentication.www.BasicAuthenticationFilter@5f233f9, org.springframework.security.web.savedrequest.RequestCacheAwareFilter@4df13b7e, org.springframework.security.web.servletapi.SecurityContextHolderAwareRequestFilter@10660795, org.springframework.security.web.authentication.AnonymousAuthenticationFilter@1ecf784f, org.springframework.security.web.access.ExceptionTranslationFilter@2c8e096, org.springframework.security.web.access.intercept.AuthorizationFilter@e2696e8]
2023-10-04T20:18:07.147+03:00  INFO 88893 --- [main] o.s.b.w.embedded.tomcat.TomcatWebServer  : Tomcat started on port(s): 8050 (http) with context path ''
2023-10-04T20:18:07.157+03:00  INFO 88893 --- [main] ua.hillel.springsecurityapp.Main         : Started Main in 7.455 seconds (process running for 8.119)
2023-10-04T20:18:13.581+03:00  INFO 88893 --- [http-nio-8050-exec-1] o.a.c.c.C.[Tomcat].[localhost].[/]       : Initializing Spring DispatcherServlet 'dispatcherServlet'
2023-10-04T20:18:13.581+03:00  INFO 88893 --- [http-nio-8050-exec-1] o.s.web.servlet.DispatcherServlet        : Initializing Servlet 'dispatcherServlet'
2023-10-04T20:18:13.583+03:00  INFO 88893 --- [http-nio-8050-exec-1] o.s.web.servlet.DispatcherServlet        : Completed initialization in 2 ms
2023-10-04T20:18:14.118+03:00  INFO 88893 --- [http-nio-8050-exec-1] u.h.s.a.interceptor.LoggingInterceptor   : Incoming request
2023-10-04T20:18:14.166+03:00  INFO 88893 --- [http-nio-8050-exec-1] u.h.springsecurityapp.aop.LoggingAspect  : Before executing ProductDTO ua.hillel.springsecurityapp.service.ProductServiceDefault.getProductById(Long) with params [1]
2023-10-04T20:18:14.199+03:00 ERROR 88893 --- [http-nio-8050-exec-1] u.h.springsecurityapp.aop.LoggingAspect  : Exception thrown: product with id:1 is not found
2023-10-04T20:18:27.616+03:00  INFO 88893 --- [http-nio-8050-exec-4] u.h.s.a.interceptor.LoggingInterceptor   : Incoming request
2023-10-04T20:18:27.626+03:00  INFO 88893 --- [http-nio-8050-exec-4] u.h.s.a.interceptor.LoggingInterceptor   : Request handled SecurityContextHolderAwareRequestWrapper[ org.springframework.security.web.header.HeaderWriterFilter$HeaderWriterRequest@534f5281]
2023-10-04T20:18:46.166+03:00  INFO 88893 --- [http-nio-8050-exec-5] u.h.s.a.interceptor.LoggingInterceptor   : Incoming request
2023-10-04T20:18:46.169+03:00  INFO 88893 --- [http-nio-8050-exec-5] u.h.springsecurityapp.aop.LoggingAspect  : Before executing ProductDTO ua.hillel.springsecurityapp.service.ProductServiceDefault.getProductById(Long) with params [2]
2023-10-04T20:18:46.177+03:00  INFO 88893 --- [http-nio-8050-exec-5] u.h.springsecurityapp.aop.LoggingAspect  : After executing ProductDTO ua.hillel.springsecurityapp.service.ProductServiceDefault.getProductById(Long), returned value: ProductDTO(id=2, name=product2, cost=24.5)
2023-10-04T20:18:46.198+03:00  INFO 88893 --- [http-nio-8050-exec-5] u.h.s.a.interceptor.LoggingInterceptor   : Request handled SecurityContextHolderAwareRequestWrapper[ org.springframework.security.web.header.HeaderWriterFilter$HeaderWriterRequest@394beac2]
2023-10-04T20:25:44.844+03:00  INFO 88893 --- [SpringApplicationShutdownHook] j.LocalContainerEntityManagerFactoryBean : Closing JPA EntityManagerFactory for persistence unit 'default'
2023-10-04T20:25:44.882+03:00  INFO 88893 --- [SpringApplicationShutdownHook] com.zaxxer.hikari.HikariDataSource       : HikariPool-1 - Shutdown initiated...
2023-10-04T20:25:44.919+03:00  INFO 88893 --- [SpringApplicationShutdownHook] com.zaxxer.hikari.HikariDataSource       : HikariPool-1 - Shutdown completed.
2023-10-04T20:25:51.293+03:00  INFO 88987 --- [main] ua.hillel.springsecurityapp.Main         : Starting Main using Java 17.0.6 with PID 88987 (/Users/nazar/IdeaProjects/hillel-springsecurity-hw/target/classes started by nazar in /Users/nazar/IdeaProjects/hillel-springsecurity-hw)
2023-10-04T20:25:51.303+03:00  INFO 88987 --- [main] ua.hillel.springsecurityapp.Main         : No active profile set, falling back to 1 default profile: "default"
2023-10-04T20:25:52.146+03:00  INFO 88987 --- [main] .s.d.r.c.RepositoryConfigurationDelegate : Bootstrapping Spring Data JPA repositories in DEFAULT mode.
2023-10-04T20:25:52.225+03:00  INFO 88987 --- [main] .s.d.r.c.RepositoryConfigurationDelegate : Finished Spring Data repository scanning in 67 ms. Found 2 JPA repository interfaces.
2023-10-04T20:25:53.633+03:00  INFO 88987 --- [main] o.s.b.w.embedded.tomcat.TomcatWebServer  : Tomcat initialized with port(s): 8050 (http)
2023-10-04T20:25:53.648+03:00  INFO 88987 --- [main] o.apache.catalina.core.StandardService   : Starting service [Tomcat]
2023-10-04T20:25:53.648+03:00  INFO 88987 --- [main] o.apache.catalina.core.StandardEngine    : Starting Servlet engine: [Apache Tomcat/10.1.7]
2023-10-04T20:25:53.791+03:00  INFO 88987 --- [main] o.a.c.c.C.[Tomcat].[localhost].[/]       : Initializing Spring embedded WebApplicationContext
2023-10-04T20:25:53.792+03:00  INFO 88987 --- [main] w.s.c.ServletWebServerApplicationContext : Root WebApplicationContext: initialization completed in 2386 ms
2023-10-04T20:25:54.106+03:00  INFO 88987 --- [main] com.zaxxer.hikari.HikariDataSource       : HikariPool-1 - Starting...
2023-10-04T20:25:54.482+03:00  INFO 88987 --- [main] com.zaxxer.hikari.pool.HikariPool        : HikariPool-1 - Added connection com.mysql.cj.jdbc.ConnectionImpl@191a0351
2023-10-04T20:25:54.484+03:00  INFO 88987 --- [main] com.zaxxer.hikari.HikariDataSource       : HikariPool-1 - Start completed.
2023-10-04T20:25:54.529+03:00  INFO 88987 --- [main] o.hibernate.jpa.internal.util.LogHelper  : HHH000204: Processing PersistenceUnitInfo [name: default]
2023-10-04T20:25:54.580+03:00  INFO 88987 --- [main] org.hibernate.Version                    : HHH000412: Hibernate ORM core version 6.1.7.Final
2023-10-04T20:25:55.027+03:00  INFO 88987 --- [main] SQL dialect                              : HHH000400: Using dialect: org.hibernate.dialect.MySQLDialect
2023-10-04T20:25:55.751+03:00  INFO 88987 --- [main] o.h.e.t.j.p.i.JtaPlatformInitiator       : HHH000490: Using JtaPlatform implementation: [org.hibernate.engine.transaction.jta.platform.internal.NoJtaPlatform]
2023-10-04T20:25:55.761+03:00  INFO 88987 --- [main] j.LocalContainerEntityManagerFactoryBean : Initialized JPA EntityManagerFactory for persistence unit 'default'
2023-10-04T20:25:56.560+03:00  WARN 88987 --- [main] JpaBaseConfiguration$JpaWebConfiguration : spring.jpa.open-in-view is enabled by default. Therefore, database queries may be performed during view rendering. Explicitly configure spring.jpa.open-in-view to disable this warning
2023-10-04T20:25:57.166+03:00  INFO 88987 --- [main] o.s.s.web.DefaultSecurityFilterChain     : Will secure any request with [org.springframework.security.web.session.DisableEncodeUrlFilter@141eb85b, org.springframework.security.web.context.request.async.WebAsyncManagerIntegrationFilter@7d432bc0, org.springframework.security.web.context.SecurityContextHolderFilter@53654b2d, org.springframework.security.web.header.HeaderWriterFilter@3cc5408c, org.springframework.security.web.authentication.logout.LogoutFilter@760d6350, org.springframework.security.web.authentication.www.BasicAuthenticationFilter@447a557b, org.springframework.security.web.savedrequest.RequestCacheAwareFilter@33478a2f, org.springframework.security.web.servletapi.SecurityContextHolderAwareRequestFilter@2da0770, org.springframework.security.web.authentication.AnonymousAuthenticationFilter@6b04689e, org.springframework.security.web.access.ExceptionTranslationFilter@584f4ca5, org.springframework.security.web.access.intercept.AuthorizationFilter@6eeeb9da]
2023-10-04T20:25:57.671+03:00  INFO 88987 --- [main] o.s.b.w.embedded.tomcat.TomcatWebServer  : Tomcat started on port(s): 8050 (http) with context path ''
2023-10-04T20:25:57.680+03:00  INFO 88987 --- [main] ua.hillel.springsecurityapp.Main         : Started Main in 7.409 seconds (process running for 8.088)
2023-10-04T20:26:05.333+03:00  INFO 88987 --- [http-nio-8050-exec-2] o.a.c.c.C.[Tomcat].[localhost].[/]       : Initializing Spring DispatcherServlet 'dispatcherServlet'
2023-10-04T20:26:05.334+03:00  INFO 88987 --- [http-nio-8050-exec-2] o.s.web.servlet.DispatcherServlet        : Initializing Servlet 'dispatcherServlet'
2023-10-04T20:26:05.335+03:00  INFO 88987 --- [http-nio-8050-exec-2] o.s.web.servlet.DispatcherServlet        : Completed initialization in 1 ms
2023-10-04T20:26:05.637+03:00  INFO 88987 --- [http-nio-8050-exec-2] u.h.springsecurityapp.aop.LoggingAspect  : Before executing User ua.hillel.springsecurityapp.repo.UserRepo.findByName(String) with params [nazar]
2023-10-04T20:26:05.966+03:00  INFO 88987 --- [http-nio-8050-exec-2] u.h.springsecurityapp.aop.LoggingAspect  : After executing User ua.hillel.springsecurityapp.repo.UserRepo.findByName(String), returned value: User(id=1, name=nazar, password=$2a$10$HYaYR9AcIwcw.7NaHJP0yuXhD9hjnOSv46mMP5f5V08boRekEY792)
2023-10-04T20:26:06.143+03:00  INFO 88987 --- [http-nio-8050-exec-2] u.h.s.a.interceptor.LoggingInterceptor   : Incoming request
2023-10-04T20:26:06.144+03:00  INFO 88987 --- [http-nio-8050-exec-2] u.h.s.a.interceptor.LoggingInterceptor   : Request: GET null null
2023-10-04T20:26:06.182+03:00  INFO 88987 --- [http-nio-8050-exec-2] u.h.springsecurityapp.aop.LoggingAspect  : Before executing ProductDTO ua.hillel.springsecurityapp.service.ProductServiceDefault.getProductById(Long) with params [2]
2023-10-04T20:26:06.199+03:00  INFO 88987 --- [http-nio-8050-exec-2] u.h.springsecurityapp.aop.LoggingAspect  : Before executing Optional org.springframework.data.repository.CrudRepository.findById(Object) with params [2]
2023-10-04T20:26:06.347+03:00  INFO 88987 --- [http-nio-8050-exec-2] u.h.springsecurityapp.aop.LoggingAspect  : After executing Optional org.springframework.data.repository.CrudRepository.findById(Object), returned value: Optional[Product(id=2, name=product2, cost=24.5)]
2023-10-04T20:26:06.350+03:00  INFO 88987 --- [http-nio-8050-exec-2] u.h.springsecurityapp.aop.LoggingAspect  : After executing ProductDTO ua.hillel.springsecurityapp.service.ProductServiceDefault.getProductById(Long), returned value: ProductDTO(id=2, name=product2, cost=24.5)
2023-10-04T20:26:06.730+03:00  INFO 88987 --- [http-nio-8050-exec-2] u.h.s.a.interceptor.LoggingInterceptor   : Request handled SecurityContextHolderAwareRequestWrapper[ org.springframework.security.web.header.HeaderWriterFilter$HeaderWriterRequest@78a74f67]
2023-10-04T20:26:06.731+03:00  INFO 88987 --- [http-nio-8050-exec-2] u.h.s.a.interceptor.LoggingInterceptor   : Response: 200
2023-10-04T20:26:36.048+03:00  INFO 88987 --- [http-nio-8050-exec-3] u.h.s.a.interceptor.LoggingInterceptor   : Incoming request
2023-10-04T20:26:36.050+03:00  INFO 88987 --- [http-nio-8050-exec-3] u.h.s.a.interceptor.LoggingInterceptor   : Request: GET null null
2023-10-04T20:26:36.056+03:00  INFO 88987 --- [http-nio-8050-exec-3] u.h.s.a.interceptor.LoggingInterceptor   : Request handled SecurityContextHolderAwareRequestWrapper[ org.springframework.security.web.header.HeaderWriterFilter$HeaderWriterRequest@3553327e]
2023-10-04T20:26:36.057+03:00  INFO 88987 --- [http-nio-8050-exec-3] u.h.s.a.interceptor.LoggingInterceptor   : Response: 200
2023-10-04T20:27:06.465+03:00  INFO 88987 --- [SpringApplicationShutdownHook] j.LocalContainerEntityManagerFactoryBean : Closing JPA EntityManagerFactory for persistence unit 'default'
2023-10-04T20:27:06.470+03:00  INFO 88987 --- [SpringApplicationShutdownHook] com.zaxxer.hikari.HikariDataSource       : HikariPool-1 - Shutdown initiated...
2023-10-04T20:27:06.481+03:00  INFO 88987 --- [SpringApplicationShutdownHook] com.zaxxer.hikari.HikariDataSource       : HikariPool-1 - Shutdown completed.
